SF:lib/providers/correct_answer_providers.dart
DA:5,8
DA:6,4
DA:8,7
DA:9,2
DA:10,1
DA:11,1
DA:13,2
DA:14,1
DA:20,3
DA:22,6
DA:23,6
DA:24,6
DA:25,3
DA:27,3
DA:29,12
LF:15
LH:15
end_of_record
SF:lib/providers/question_providers.dart
DA:4,4
DA:5,4
DA:6,0
DA:8,9
DA:9,0
DA:14,4
DA:15,4
LF:7
LH:5
end_of_record
SF:lib/screens/question_screen.dart
DA:12,1
DA:13,1
DA:15,4
DA:16,2
DA:17,1
DA:18,1
DA:20,0
DA:21,0
DA:22,1
DA:23,1
DA:24,1
DA:25,1
DA:26,1
DA:29,1
DA:33,0
DA:34,0
DA:36,1
DA:37,2
DA:39,1
DA:41,1
DA:42,1
DA:43,2
DA:45,1
DA:46,1
DA:48,2
DA:49,1
DA:50,1
DA:54,1
DA:57,1
DA:58,1
DA:59,1
DA:61,1
DA:64,1
DA:65,0
DA:66,0
DA:72,1
DA:80,1
DA:83,3
DA:85,6
DA:86,5
DA:89,3
DA:90,2
DA:93,0
DA:94,0
DA:95,0
LF:45
LH:36
end_of_record
SF:lib/services/topic_service.dart
DA:6,2
DA:9,0
DA:10,0
DA:11,0
DA:13,0
DA:14,0
DA:15,0
DA:16,0
DA:17,0
DA:20,0
DA:25,1
DA:27,5
DA:28,2
DA:29,1
DA:30,1
DA:31,1
DA:32,2
DA:33,1
DA:34,1
DA:37,1
DA:38,5
DA:39,2
DA:40,2
DA:41,1
DA:49,3
DA:51,0
DA:53,0
DA:63,2
DA:66,0
DA:68,0
LF:30
LH:17
end_of_record
SF:lib/util/screen_wrapper.dart
DA:6,17
DA:8,4
DA:10,4
DA:11,4
DA:12,4
DA:15,4
DA:16,0
DA:30,4
DA:31,4
DA:32,0
DA:48,4
DA:50,4
LF:12
LH:10
end_of_record
SF:lib/routes/router.dart
DA:7,3
DA:8,1
DA:9,2
DA:10,1
DA:12,0
DA:13,1
DA:15,0
DA:16,0
DA:17,1
DA:19,1
DA:20,4
LF:11
LH:8
end_of_record
SF:lib/screens/main_screen.dart
DA:11,4
DA:13,2
DA:15,4
DA:21,2
DA:22,2
DA:26,0
DA:27,0
DA:29,0
DA:30,2
DA:31,2
DA:35,2
DA:37,2
DA:38,4
DA:40,2
DA:42,2
DA:44,2
DA:45,2
DA:46,2
DA:47,2
DA:49,2
DA:50,0
DA:51,2
DA:52,2
DA:60,2
DA:61,1
DA:62,3
LF:26
LH:22
end_of_record
SF:lib/screens/statistics_screen.dart
DA:8,4
DA:9,1
DA:11,2
DA:12,1
DA:13,1
DA:15,0
DA:16,0
DA:17,1
DA:18,1
DA:19,2
DA:22,1
DA:39,1
DA:40,4
DA:46,1
DA:48,1
DA:50,1
DA:51,1
DA:52,1
DA:54,4
DA:55,1
DA:57,1
DA:59,2
DA:60,1
DA:63,2
LF:24
LH:22
end_of_record
SF:lib/screens/random_question_screen.dart
DA:14,1
DA:16,1
DA:18,2
DA:19,2
DA:20,4
DA:21,1
DA:22,0
DA:24,0
DA:25,0
DA:26,1
DA:27,1
DA:28,1
DA:29,1
DA:31,0
DA:32,0
DA:33,1
DA:34,1
DA:35,0
DA:37,0
DA:38,0
DA:40,0
DA:41,0
DA:43,0
DA:44,0
DA:47,0
DA:49,0
DA:50,0
DA:52,0
DA:55,1
DA:56,1
DA:57,1
DA:60,1
DA:64,0
DA:65,0
DA:67,1
DA:68,2
DA:70,1
DA:72,1
DA:73,1
DA:74,2
DA:76,1
DA:77,1
DA:79,0
DA:80,0
DA:81,1
DA:85,1
DA:88,1
DA:89,0
DA:90,0
DA:92,0
DA:95,0
DA:96,0
DA:97,0
DA:103,1
LF:54
LH:28
end_of_record
SF:lib/util/functions/smallest_value.dart
DA:3,1
DA:4,2
DA:6,4
DA:7,1
DA:8,2
LF:5
LH:5
end_of_record
